<?xml version="1.0" encoding="UTF-8"?>
<!-- Generated by org.testng.reporters.JUnitReportReporter -->
<testsuite hostname="Pareshs-Desktop-G38KTBS" failures="0" tests="1" name="com.sampleTestScripts.TestScript1" time="0.013" errors="0" timestamp="2024-07-26T15:24:24 IST" skipped="0">
  <testcase classname="com.sampleTestScripts.TestScript1" name="ExecuteScript" time="0.013">
    <system-out>
      <![CDATA[learning maven]]>
    </system-out>
  </testcase> <!-- ExecuteScript -->
  <system-out>
    <![CDATA[learning maven]]>
  </system-out>
</testsuite> <!-- com.sampleTestScripts.TestScript1 -->
