<?xml version="1.0" encoding="UTF-8"?>
<!-- Generated by org.testng.reporters.JUnitReportReporter -->
<testsuite hostname="Pareshs-Desktop-G38KTBS" failures="0" tests="1" name="com.sampleTestScripts.Indeed_Test" time="3.042" errors="0" timestamp="2024-07-26T17:49:25 IST" skipped="0">
  <testcase classname="com.sampleTestScripts.Indeed_Test" name="indeedLaunch" time="3.042"/>
</testsuite> <!-- com.sampleTestScripts.Indeed_Test -->
