<?xml version="1.0" encoding="UTF-8"?>
<!-- Generated by org.testng.reporters.JUnitReportReporter -->
<testsuite hostname="Pareshs-Desktop-G38KTBS" failures="0" tests="1" name="groupExecution.yash" time="3.399" errors="0" timestamp="2024-07-26T17:51:11 IST" skipped="0">
  <testcase classname="groupExecution.yash" name="main" time="3.399"/>
  <system-out>
    <![CDATA[sweet]]>
  </system-out>
</testsuite> <!-- groupExecution.yash -->
