<?xml version="1.0" encoding="UTF-8"?>
<!-- Generated by org.testng.reporters.JUnitReportReporter -->
<testsuite hostname="Pareshs-Desktop-G38KTBS" failures="0" tests="2" name="groupExecution.jrNTR" time="6.412" errors="0" timestamp="2024-07-26T17:51:11 IST" skipped="0">
  <testcase classname="groupExecution.jrNTR" name="main1" time="2.659">
    <system-out>
      <![CDATA[sweet]]>
    </system-out>
  </testcase> <!-- main1 -->
  <testcase classname="groupExecution.jrNTR" name="main" time="3.753"/>
  <system-out>
    <![CDATA[sweet]]>
  </system-out>
</testsuite> <!-- groupExecution.jrNTR -->
