<?xml version="1.0" encoding="UTF-8"?>
<!-- Generated by org.testng.reporters.JUnitReportReporter -->
<testsuite hostname="Pareshs-Desktop-G38KTBS" failures="0" tests="1" name="groupExecution.Prabhas" time="2.494" errors="0" timestamp="2024-07-26T17:51:11 IST" skipped="0">
  <testcase classname="groupExecution.Prabhas" name="main" time="2.494"/>
  <system-out>
    <![CDATA[sweet]]>
  </system-out>
</testsuite> <!-- groupExecution.Prabhas -->
