<?xml version="1.0" encoding="UTF-8"?>
<!-- Generated by org.testng.reporters.JUnitReportReporter -->
<testsuite hostname="Pareshs-Desktop-G38KTBS" failures="0" tests="1" name="com.sampleTestScripts.linkedIn_Test" time="4.169" errors="0" timestamp="2024-07-26T17:49:25 IST" skipped="0">
  <testcase classname="com.sampleTestScripts.linkedIn_Test" name="linkedInLaunch" time="4.169"/>
</testsuite> <!-- com.sampleTestScripts.linkedIn_Test -->
