<?xml version="1.0" encoding="UTF-8"?>
<!-- Generated by org.testng.reporters.JUnitReportReporter -->
<testsuite hostname="Pareshs-Desktop-G38KTBS" failures="0" tests="1" name="com.sampleTestScripts.Naukari_Test" time="8.861" errors="0" timestamp="2024-07-26T17:49:25 IST" skipped="0">
  <testcase classname="com.sampleTestScripts.Naukari_Test" name="naukariLaunch" time="8.861"/>
</testsuite> <!-- com.sampleTestScripts.Naukari_Test -->
